<?xml version="1.0" encoding="UTF-8"?>
<testsuite name="rspec" tests="3" failures="0" errors="0" time="21.400916" timestamp="2015-10-10T22:11:28-07:00">
  <!-- Randomized with seed 30976 -->
  <properties/>
  <testcase classname="home.think.avant-integration.avant.avant_sign_in" name="Signin to Avant  CLick on Signin for exisiting user" file="/home/think/avant-integration/avant/avant_sign_in.rb" time="12.737972"/>
  <testcase classname="avant_edit_profile" name="Edit prfile  Update personal button" file="./avant_edit_profile.rb" time="2.010225"/>
  <testcase classname="avant_signup" name="Signup to Avant  CLick on Signup and fill in form" file="./avant_signup.rb" time="6.650659"/>
</testsuite>
