<?xml version="1.0" encoding="UTF-8"?>
<testsuite name="rspec" tests="2" failures="0" errors="0" time="57.988781" timestamp="2015-08-15T16:44:40-07:00">
  <!-- Randomized with seed 7793 -->
  <properties/>
  <testcase classname="dsc_add_product" name="Dollar shave club product Add two new product" file="./dsc_add_product.rb" time="29.626150"/>
  <testcase classname="dsc_remove_product" name="Dollar shave club product Remove one product" file="./dsc_remove_product.rb" time="28.361006"/>
</testsuite>
